<?xml version="1.0" encoding="UTF-8"?>
<testsuite xmlns:xsi="http://www.w3.org/2001/XMLSchema-instance" xsi:noNamespaceSchemaLocation="https://maven.apache.org/surefire/maven-surefire-plugin/xsd/surefire-test-report.xsd" name="com.yygame.common.utils.AesUtilTest" time="0.482" tests="1" errors="0" skipped="0" failures="0">
  <properties>
    <property name="sun.desktop" value="windows"/>
    <property name="awt.toolkit" value="sun.awt.windows.WToolkit"/>
    <property name="file.encoding.pkg" value="sun.io"/>
    <property name="java.specification.version" value="1.8"/>
    <property name="sun.cpu.isalist" value="pentium_pro+mmx pentium_pro pentium+mmx pentium i486 i386 i86"/>
    <property name="sun.jnu.encoding" value="GBK"/>
    <property name="java.class.path" value="D:\work\git\workspace\common\common-utils\target\test-classes;D:\work\git\workspace\common\common-utils\target\classes;D:\work\maven\repository\junit\junit\4.12\junit-4.12.jar;D:\work\maven\repository\org\hamcrest\hamcrest-core\1.3\hamcrest-core-1.3.jar;D:\work\maven\repository\org\mockito\mockito-core\2.10.0\mockito-core-2.10.0.jar;D:\work\maven\repository\net\bytebuddy\byte-buddy\1.7.11\byte-buddy-1.7.11.jar;D:\work\maven\repository\net\bytebuddy\byte-buddy-agent\1.7.11\byte-buddy-agent-1.7.11.jar;D:\work\maven\repository\org\objenesis\objenesis\2.6\objenesis-2.6.jar;D:\work\maven\repository\org\easymock\easymock\3.6\easymock-3.6.jar;D:\work\maven\repository\org\apache\commons\commons-lang3\3.7\commons-lang3-3.7.jar;D:\work\maven\repository\commons-codec\commons-codec\1.10\commons-codec-1.10.jar;D:\work\maven\repository\commons-collections\commons-collections\3.2.1\commons-collections-3.2.1.jar;D:\work\maven\repository\com\yygame\common\common-exception\1.0.0-SNAPSHOT\common-exception-1.0.0-SNAPSHOT.jar;D:\work\maven\repository\org\slf4j\slf4j-api\1.7.25\slf4j-api-1.7.25.jar;D:\work\maven\repository\com\fasterxml\jackson\core\jackson-databind\2.9.5\jackson-databind-2.9.5.jar;D:\work\maven\repository\com\fasterxml\jackson\core\jackson-annotations\2.9.5\jackson-annotations-2.9.5.jar;D:\work\maven\repository\com\fasterxml\jackson\core\jackson-core\2.9.5\jackson-core-2.9.5.jar;D:\work\maven\repository\javax\servlet\javax.servlet-api\3.1.0\javax.servlet-api-3.1.0.jar;"/>
    <property name="java.vm.vendor" value="Oracle Corporation"/>
    <property name="sun.arch.data.model" value="32"/>
    <property name="user.variant" value=""/>
    <property name="java.vendor.url" value="http://java.oracle.com/"/>
    <property name="user.timezone" value="Asia/Shanghai"/>
    <property name="java.vm.specification.version" value="1.8"/>
    <property name="os.name" value="Windows 7"/>
    <property name="user.country" value="CN"/>
    <property name="sun.java.launcher" value="SUN_STANDARD"/>
    <property name="sun.boot.library.path" value="D:\work\jdk\jdk1.8.0_161\jre\bin"/>
    <property name="sun.java.command" value="C:\Users\ADMINI~1\AppData\Local\Temp\surefire2835633489573271726\surefirebooter2755533286125501109.jar C:\Users\Administrator\AppData\Local\Temp\surefire2835633489573271726 2019-02-02T15-13-43_966-jvmRun1 surefire6700828278553195828tmp surefire_01051274523859220693tmp"/>
    <property name="surefire.test.class.path" value="D:\work\git\workspace\common\common-utils\target\test-classes;D:\work\git\workspace\common\common-utils\target\classes;D:\work\maven\repository\junit\junit\4.12\junit-4.12.jar;D:\work\maven\repository\org\hamcrest\hamcrest-core\1.3\hamcrest-core-1.3.jar;D:\work\maven\repository\org\mockito\mockito-core\2.10.0\mockito-core-2.10.0.jar;D:\work\maven\repository\net\bytebuddy\byte-buddy\1.7.11\byte-buddy-1.7.11.jar;D:\work\maven\repository\net\bytebuddy\byte-buddy-agent\1.7.11\byte-buddy-agent-1.7.11.jar;D:\work\maven\repository\org\objenesis\objenesis\2.6\objenesis-2.6.jar;D:\work\maven\repository\org\easymock\easymock\3.6\easymock-3.6.jar;D:\work\maven\repository\org\apache\commons\commons-lang3\3.7\commons-lang3-3.7.jar;D:\work\maven\repository\commons-codec\commons-codec\1.10\commons-codec-1.10.jar;D:\work\maven\repository\commons-collections\commons-collections\3.2.1\commons-collections-3.2.1.jar;D:\work\maven\repository\com\yygame\common\common-exception\1.0.0-SNAPSHOT\common-exception-1.0.0-SNAPSHOT.jar;D:\work\maven\repository\org\slf4j\slf4j-api\1.7.25\slf4j-api-1.7.25.jar;D:\work\maven\repository\com\fasterxml\jackson\core\jackson-databind\2.9.5\jackson-databind-2.9.5.jar;D:\work\maven\repository\com\fasterxml\jackson\core\jackson-annotations\2.9.5\jackson-annotations-2.9.5.jar;D:\work\maven\repository\com\fasterxml\jackson\core\jackson-core\2.9.5\jackson-core-2.9.5.jar;D:\work\maven\repository\javax\servlet\javax.servlet-api\3.1.0\javax.servlet-api-3.1.0.jar;"/>
    <property name="sun.cpu.endian" value="little"/>
    <property name="user.home" value="C:\Users\Administrator"/>
    <property name="user.language" value="zh"/>
    <property name="java.specification.vendor" value="Oracle Corporation"/>
    <property name="java.home" value="D:\work\jdk\jdk1.8.0_161\jre"/>
    <property name="basedir" value="D:\work\git\workspace\common\common-utils"/>
    <property name="file.separator" value="\"/>
    <property name="line.separator" value="&#10;"/>
    <property name="java.vm.specification.vendor" value="Oracle Corporation"/>
    <property name="java.specification.name" value="Java Platform API Specification"/>
    <property name="java.awt.graphicsenv" value="sun.awt.Win32GraphicsEnvironment"/>
    <property name="surefire.real.class.path" value="C:\Users\ADMINI~1\AppData\Local\Temp\surefire2835633489573271726\surefirebooter2755533286125501109.jar"/>
    <property name="sun.boot.class.path" value="D:\work\jdk\jdk1.8.0_161\jre\lib\resources.jar;D:\work\jdk\jdk1.8.0_161\jre\lib\rt.jar;D:\work\jdk\jdk1.8.0_161\jre\lib\sunrsasign.jar;D:\work\jdk\jdk1.8.0_161\jre\lib\jsse.jar;D:\work\jdk\jdk1.8.0_161\jre\lib\jce.jar;D:\work\jdk\jdk1.8.0_161\jre\lib\charsets.jar;D:\work\jdk\jdk1.8.0_161\jre\lib\jfr.jar;D:\work\jdk\jdk1.8.0_161\jre\classes"/>
    <property name="user.script" value=""/>
    <property name="sun.management.compiler" value="HotSpot Client Compiler"/>
    <property name="java.runtime.version" value="1.8.0_161-b12"/>
    <property name="user.name" value="Administrator"/>
    <property name="path.separator" value=";"/>
    <property name="os.version" value="6.1"/>
    <property name="java.endorsed.dirs" value="D:\work\jdk\jdk1.8.0_161\jre\lib\endorsed"/>
    <property name="java.runtime.name" value="Java(TM) SE Runtime Environment"/>
    <property name="file.encoding" value="GBK"/>
    <property name="java.vm.name" value="Java HotSpot(TM) Client VM"/>
    <property name="localRepository" value="D:\work\maven\repository"/>
    <property name="java.vendor.url.bug" value="http://bugreport.sun.com/bugreport/"/>
    <property name="java.io.tmpdir" value="C:\Users\ADMINI~1\AppData\Local\Temp\"/>
    <property name="java.version" value="1.8.0_161"/>
    <property name="user.dir" value="D:\work\git\workspace\common\common-utils"/>
    <property name="os.arch" value="x86"/>
    <property name="java.vm.specification.name" value="Java Virtual Machine Specification"/>
    <property name="java.awt.printerjob" value="sun.awt.windows.WPrinterJob"/>
    <property name="sun.os.patch.level" value="Service Pack 1"/>
    <property name="java.library.path" value="D:\work\jdk\jdk1.8.0_161\jre\bin;C:\Windows\Sun\Java\bin;C:\Windows\system32;C:\Windows;C:\ProgramData\Oracle\Java\javapath;C:\Windows\system32;C:\Windows;C:\Windows\System32\Wbem;C:\Windows\System32\WindowsPowerShell\v1.0\;C:\Program Files (x86)\NVIDIA Corporation\PhysX\Common;D:\work\jdk\jdk1.8.0_161\bin;D:\work\jdk\jdk1.8.0_161\jre\bin;D:\work\maven\apache-maven-3.5.0\bin;C:\Program Files\dotnet\;D:\work\nvm;D:\work\nodejs;C:\Program Files (x86)\IDM Computer Solutions\UltraEdit\;C:\Users\Administrator\AppData\Local\Programs\Fiddler;C:\Users\Administrator\AppData\Roaming\npm;C:\Users\Administrator\AppData\Roaming\nvm;C:\Program Files\nodejs;C:\Users\Administrator\AppData\Roaming\nvm;C:\Program Files\nodejs;D:\work\protobuf;D:\work\git\Git\bin;D:\work\svn\bin;D:\work\gpg\Gpg4win\..\GnuPG\bin;C:\Program Files (x86)\IDM Computer Solutions\UltraEdit\;C:\Users\Administrator\AppData\Local\Programs\Fiddler;D:\work\nvm\npm;C:\Users\Administrator\AppData\Roaming\nvm;C:\Program Files\nodejs;D:\work\vscode\Microsoft VS Code\bin;."/>
    <property name="java.vm.info" value="mixed mode"/>
    <property name="java.vendor" value="Oracle Corporation"/>
    <property name="java.vm.version" value="25.161-b12"/>
    <property name="java.ext.dirs" value="D:\work\jdk\jdk1.8.0_161\jre\lib\ext;C:\Windows\Sun\Java\lib\ext"/>
    <property name="sun.io.unicode.encoding" value="UnicodeLittle"/>
    <property name="java.class.version" value="52.0"/>
  </properties>
  <testcase name="testEncryptAndDecrypt" classname="com.yygame.common.utils.AesUtilTest" time="0.432"/>
</testsuite>